<?xml version="1.0" encoding="UTF-8"?>
<testsuite name="com.hotelreservationsystem.HotelReservationSystemTest" tests="1" skipped="0" failures="0" errors="0" timestamp="2021-06-02T13:39:38" hostname="MOONLIGHT" time="0.042">
  <properties/>
  <testcase name="whenNewHotelAddedWithWeekend_shouldReturnTrue()" classname="com.hotelreservationsystem.HotelReservationSystemTest" time="0.042"/>
  <system-out><![CDATA[]]></system-out>
  <system-err><![CDATA[]]></system-err>
</testsuite>
