<?xml version="1.0" encoding="UTF-8"?>
<testsuite name="com.hotelreservationsystem.HotelReservationSystemTest" tests="1" skipped="0" failures="0" errors="0" timestamp="2021-06-11T17:28:06" hostname="MOONLIGHT" time="0.094">
  <properties/>
  <testcase name="whenFindBestRatedMethodCalled_shouldReturn_bestRatedHotel()" classname="com.hotelreservationsystem.HotelReservationSystemTest" time="0.094"/>
  <system-out><![CDATA[Best Rated Hotel : Ridgewood, Rent : 370
]]></system-out>
  <system-err><![CDATA[]]></system-err>
</testsuite>
