<?xml version="1.0" encoding="UTF-8"?>
<testsuite name="com.hotelreservationsystem.HotelReservationSystemTest" tests="1" skipped="0" failures="0" errors="0" timestamp="2021-06-11T11:18:15" hostname="MOONLIGHT" time="0.033">
  <properties/>
  <testcase name="whenFindCheapestHotel_shouldReturn_nameOfHotel()" classname="com.hotelreservationsystem.HotelReservationSystemTest" time="0.033"/>
  <system-out><![CDATA[com.hotelreservationsystem.HotelReservationException: Please enter the proper hotel name and RegWeekdayRate
]]></system-out>
  <system-err><![CDATA[]]></system-err>
</testsuite>
